This file contains any messages produced by compilers while
running configure, to aid debugging if configure makes a mistake.

It was created by arc-theme configure 20200819, which was
generated by GNU Autoconf 2.69.  Invocation command line was

  $ ./configure --prefix=/usr --disable-cinnamon --disable-gnome-shell

## --------- ##
## Platform. ##
## --------- ##

hostname = bryan
uname -m = x86_64
uname -r = 5.4.61-1-lts
uname -s = Linux
uname -v = #1 SMP Wed, 26 Aug 2020 18:35:48 +0000

/usr/bin/uname -p = unknown
/bin/uname -X     = unknown

/bin/arch              = unknown
/usr/bin/arch -k       = unknown
/usr/convex/getsysinfo = unknown
/usr/bin/hostinfo      = unknown
/bin/machine           = unknown
/usr/bin/oslevel       = unknown
/bin/universe          = unknown

PATH: /usr/local/sbin
PATH: /usr/local/bin
PATH: /usr/bin
PATH: /var/lib/flatpak/exports/bin
PATH: /usr/lib/jvm/default/bin
PATH: /usr/bin/site_perl
PATH: /usr/bin/vendor_perl
PATH: /usr/bin/core_perl


## ----------- ##
## Core tests. ##
## ----------- ##

configure:1865: checking for a BSD-compatible install
configure:1933: result: /usr/bin/install -c
configure:1944: checking whether build environment is sane
configure:1999: result: yes
configure:2148: checking for a thread-safe mkdir -p
configure:2187: result: /usr/bin/mkdir -p
configure:2194: checking for gawk
configure:2210: found /usr/bin/gawk
configure:2221: result: gawk
configure:2232: checking whether make sets $(MAKE)
configure:2254: result: yes
configure:2283: checking whether make supports nested variables
configure:2300: result: yes
configure:2426: checking whether ln -s works
configure:2430: result: yes
configure:2833: checking for pkg-config
configure:2851: found /usr/bin/pkg-config
configure:2863: result: /usr/bin/pkg-config
configure:2888: checking pkg-config is at least version 0.9.0
configure:2891: result: yes
configure:2905: $PKG_CONFIG --exists --print-errors "gtk+-3.0"
configure:2908: $? = 0
configure:2911: result: Detected GTK3 3.24.22
configure:2951: result: Building GTK3 theme 3.24
configure:3147: checking for inkscape
configure:3165: found /usr/bin/inkscape
configure:3177: result: /usr/bin/inkscape
configure:3194: checking for optipng
configure:3227: result: no
configure:3233: WARNING: optipng not found, PNG assets won't be optimized
configure:3259: checking for sassc
configure:3277: found /usr/bin/sassc
configure:3289: result: /usr/bin/sassc
configure:3443: checking that generated files are newer than configure
configure:3449: result: done
configure:3521: creating ./config.status

## ---------------------- ##
## Running config.status. ##
## ---------------------- ##

This file was extended by arc-theme config.status 20200819, which was
generated by GNU Autoconf 2.69.  Invocation command line was

  CONFIG_FILES    = 
  CONFIG_HEADERS  = 
  CONFIG_LINKS    = 
  CONFIG_COMMANDS = 
  $ ./config.status 

on bryan

config.status:812: creating common/gtk-2.0/Makefile
config.status:812: creating common/gtk-3.0/Makefile
config.status:812: creating common/gtk-3.0/3.18/Makefile
config.status:812: creating common/gtk-3.0/3.20/Makefile
config.status:812: creating common/gtk-3.0/3.22/Makefile
config.status:812: creating common/gtk-3.0/3.24/Makefile
config.status:812: creating common/xfwm4/Makefile
config.status:812: creating common/Makefile
config.status:812: creating Makefile

## ---------------- ##
## Cache variables. ##
## ---------------- ##

ac_cv_env_PKG_CONFIG_LIBDIR_set=
ac_cv_env_PKG_CONFIG_LIBDIR_value=
ac_cv_env_PKG_CONFIG_PATH_set=
ac_cv_env_PKG_CONFIG_PATH_value=
ac_cv_env_PKG_CONFIG_set=
ac_cv_env_PKG_CONFIG_value=
ac_cv_env_build_alias_set=
ac_cv_env_build_alias_value=
ac_cv_env_host_alias_set=
ac_cv_env_host_alias_value=
ac_cv_env_target_alias_set=
ac_cv_env_target_alias_value=
ac_cv_path_INKSCAPE=/usr/bin/inkscape
ac_cv_path_SASSC=/usr/bin/sassc
ac_cv_path_ac_pt_PKG_CONFIG=/usr/bin/pkg-config
ac_cv_path_install='/usr/bin/install -c'
ac_cv_path_mkdir=/usr/bin/mkdir
ac_cv_prog_AWK=gawk
ac_cv_prog_make_make_set=yes
am_cv_make_support_nested_variables=yes

## ----------------- ##
## Output variables. ##
## ----------------- ##

ACLOCAL='${SHELL} /home/bryan/arc-theme/build-aux/missing aclocal-1.16'
AMTAR='$${TAR-tar}'
AM_BACKSLASH='\'
AM_DEFAULT_V='$(AM_DEFAULT_VERBOSITY)'
AM_DEFAULT_VERBOSITY='1'
AM_V='$(V)'
AUTOCONF='${SHELL} /home/bryan/arc-theme/build-aux/missing autoconf'
AUTOHEADER='${SHELL} /home/bryan/arc-theme/build-aux/missing autoheader'
AUTOMAKE='${SHELL} /home/bryan/arc-theme/build-aux/missing automake-1.16'
AWK='gawk'
CINNAMON_FOUND=''
CINNAMON_VERSION=''
CYGPATH_W='echo'
DEFS='-DPACKAGE_NAME=\"arc-theme\" -DPACKAGE_TARNAME=\"arc-theme\" -DPACKAGE_VERSION=\"20200819\" -DPACKAGE_STRING=\"arc-theme\ 20200819\" -DPACKAGE_BUGREPORT=\"https://github.com/jnsh/arc-theme/issues\" -DPACKAGE_URL=\"https://github.com/jnsh/arc-theme\" -DPACKAGE=\"arc-theme\" -DVERSION=\"20200819\"'
ECHO_C=''
ECHO_N='-n'
ECHO_T=''
ENABLE_CINNAMON='no'
ENABLE_CINNAMON_FALSE=''
ENABLE_CINNAMON_TRUE='#'
ENABLE_DARK='yes'
ENABLE_DARKER='yes'
ENABLE_DARKER_FALSE='#'
ENABLE_DARKER_TRUE=''
ENABLE_DARK_FALSE='#'
ENABLE_DARK_TRUE=''
ENABLE_GNOME_SHELL='no'
ENABLE_GNOME_SHELL_FALSE=''
ENABLE_GNOME_SHELL_TRUE='#'
ENABLE_GTK2='yes'
ENABLE_GTK2_FALSE='#'
ENABLE_GTK2_TRUE=''
ENABLE_GTK3='yes'
ENABLE_GTK3_FALSE='#'
ENABLE_GTK3_TRUE=''
ENABLE_LIGHT='yes'
ENABLE_LIGHTER='yes'
ENABLE_LIGHTER_FALSE='#'
ENABLE_LIGHTER_TRUE=''
ENABLE_LIGHT_FALSE='#'
ENABLE_LIGHT_TRUE=''
ENABLE_METACITY='yes'
ENABLE_METACITY_FALSE='#'
ENABLE_METACITY_TRUE=''
ENABLE_PLANK='yes'
ENABLE_PLANK_FALSE='#'
ENABLE_PLANK_TRUE=''
ENABLE_TRANSPARENCY='yes'
ENABLE_TRANSPARENCY_FALSE='#'
ENABLE_TRANSPARENCY_TRUE=''
ENABLE_UNITY='yes'
ENABLE_UNITY_FALSE='#'
ENABLE_UNITY_TRUE=''
ENABLE_XFWM='yes'
ENABLE_XFWM_FALSE='#'
ENABLE_XFWM_TRUE=''
GNOME_SHELL_3_32_OR_NEWER_FALSE=''
GNOME_SHELL_3_32_OR_NEWER_TRUE='#'
GNOME_SHELL_FOUND=''
GNOME_SHELL_VERSION=''
GTK3_VERSION='3.24'
INKSCAPE='/usr/bin/inkscape'
INKSCAPE_1_0_OR_NEWER_FALSE='#'
INKSCAPE_1_0_OR_NEWER_TRUE=''
INSTALL_DATA='${INSTALL} -m 644'
INSTALL_PROGRAM='${INSTALL}'
INSTALL_SCRIPT='${INSTALL}'
INSTALL_STRIP_PROGRAM='$(install_sh) -c -s'
LIBOBJS=''
LIBS=''
LN_S='ln -s'
LTLIBOBJS=''
MAKEINFO='${SHELL} /home/bryan/arc-theme/build-aux/missing makeinfo'
MKDIR_P='/usr/bin/mkdir -p'
OPTIPNG=''
OPTIPNG_FALSE=''
OPTIPNG_TRUE='#'
PACKAGE='arc-theme'
PACKAGE_BUGREPORT='https://github.com/jnsh/arc-theme/issues'
PACKAGE_NAME='arc-theme'
PACKAGE_STRING='arc-theme 20200819'
PACKAGE_TARNAME='arc-theme'
PACKAGE_URL='https://github.com/jnsh/arc-theme'
PACKAGE_VERSION='20200819'
PATH_SEPARATOR=':'
PKG_CONFIG='/usr/bin/pkg-config'
PKG_CONFIG_LIBDIR=''
PKG_CONFIG_PATH=''
SASSC='/usr/bin/sassc'
SET_MAKE=''
SHELL='/bin/sh'
STRIP=''
VERSION='20200819'
am__isrc=''
am__leading_dot='.'
am__tar='$${TAR-tar} chof - "$$tardir"'
am__untar='$${TAR-tar} xf -'
bindir='${exec_prefix}/bin'
build_alias=''
datadir='${datarootdir}'
datarootdir='${prefix}/share'
docdir='${datarootdir}/doc/${PACKAGE_TARNAME}'
dvidir='${docdir}'
exec_prefix='${prefix}'
gtk3themedarkdir='${datarootdir}/themes/Arc-Dark/gtk-3.0'
gtk3themedarkerdir='${datarootdir}/themes/Arc-Darker/gtk-3.0'
gtk3themedir='${datarootdir}/themes/Arc/gtk-3.0'
gtk3themelighterdir='${datarootdir}/themes/Arc-Lighter/gtk-3.0'
host_alias=''
htmldir='${docdir}'
includedir='${prefix}/include'
infodir='${datarootdir}/info'
install_sh='${SHELL} /home/bryan/arc-theme/build-aux/install-sh'
libdir='${exec_prefix}/lib'
libexecdir='${exec_prefix}/libexec'
localedir='${datarootdir}/locale'
localstatedir='${prefix}/var'
mandir='${datarootdir}/man'
mkdir_p='$(MKDIR_P)'
oldincludedir='/usr/include'
pdfdir='${docdir}'
prefix='/usr'
program_transform_name='s,x,x,'
psdir='${docdir}'
sbindir='${exec_prefix}/sbin'
sharedstatedir='${prefix}/com'
sysconfdir='${prefix}/etc'
target_alias=''
themedarkdir='${datarootdir}/themes/Arc-Dark'
themedarkerdir='${datarootdir}/themes/Arc-Darker'
themedir='${datarootdir}/themes/Arc'
themelighterdir='${datarootdir}/themes/Arc-Lighter'

## ----------- ##
## confdefs.h. ##
## ----------- ##

/* confdefs.h */
#define PACKAGE_NAME "arc-theme"
#define PACKAGE_TARNAME "arc-theme"
#define PACKAGE_VERSION "20200819"
#define PACKAGE_STRING "arc-theme 20200819"
#define PACKAGE_BUGREPORT "https://github.com/jnsh/arc-theme/issues"
#define PACKAGE_URL "https://github.com/jnsh/arc-theme"
#define PACKAGE "arc-theme"
#define VERSION "20200819"

configure: exit 0
